     1                                  ; Define variables in the data section
     2                                  SECTION .DATA
     3 00000000 48656C6C6F20776F72-     	hello:     db 'Hello world!',10
     3 00000009 6C64210A           
     4                                  	helloLen:  equ $-hello
     5                                  
     6                                  ; Code goes in the text section
     7                                  SECTION .TEXT
     8                                  	GLOBAL main 
     9                                  
    10                                  main:
    11 00000000 B804000000              	mov eax,4            ; 'write' system call = 4
    12 00000005 BB01000000              	mov ebx,1            ; file descriptor 1 = STDOUT
    13 0000000A B9[00000000]            	mov ecx,hello        ; string to write
    14 0000000F BA0D000000              	mov edx,helloLen     ; length of string to write
    15 00000014 CD80                    	int 80h              ; call the kernel
    16                                  
    17                                  	; Terminate program
    18 00000016 B801000000              	mov eax,1            ; 'exit' system call
    19 0000001B BB00000000              	mov ebx,0            ; exit with error code 0
    20 00000020 CD80                    	int 80h              ; call the kernel
